<?xml version="1.0" encoding="UTF-8"?>
<!-- Generated by org.testng.reporters.JUnitReportReporter -->
<testsuite hostname="DESKTOP-5RK9T99" failures="0" tests="1" name="com.cabtm.tests.DashboardPageTest" time="3.424" errors="0" timestamp="2023-08-01T18:53:51 NPT" skipped="0">
  <testcase classname="com.cabtm.tests.DashboardPageTest" name="testVerifySystemDashboardSections" time="3.424"/>
  <system-out/>
</testsuite> <!-- com.cabtm.tests.DashboardPageTest -->
