<?xml version="1.0" encoding="UTF-8"?>
<!-- Generated by org.testng.reporters.JUnitReportReporter -->
<testsuite hostname="DESKTOP-5RK9T99" failures="0" tests="1" name="com.cabtm.tests.DashboardPageTest" time="6.397" errors="0" timestamp="2023-08-03T19:04:21 NPT" skipped="0">
  <testcase classname="com.cabtm.tests.DashboardPageTest" name="testVerifySystemDashboardSections" time="6.397"/>
  <system-out/>
</testsuite> <!-- com.cabtm.tests.DashboardPageTest -->
