<?xml version="1.0" encoding="UTF-8"?>
<!-- Generated by org.testng.reporters.JUnitReportReporter -->
<testsuite hostname="DESKTOP-5RK9T99" failures="0" tests="6" name="com.cabtm.tests.DataDrivenLoginTest" time="47.458" errors="0" timestamp="2023-08-05T11:17:54 NPT" skipped="0">
  <testcase classname="com.cabtm.tests.DataDrivenLoginTest" name="testLoginAndWelcomeMessage" time="9.352"/>
  <system-out/>
  <testcase classname="com.cabtm.tests.DataDrivenLoginTest" name="testLoginAndWelcomeMessage" time="6.359"/>
  <system-out/>
  <testcase classname="com.cabtm.tests.DataDrivenLoginTest" name="testLoginAndWelcomeMessage" time="9.374"/>
  <system-out/>
  <testcase classname="com.cabtm.tests.DataDrivenLoginTest" name="testLoginAndWelcomeMessage" time="8.505"/>
  <system-out/>
  <testcase classname="com.cabtm.tests.DataDrivenLoginTest" name="testLoginAndWelcomeMessage" time="6.367"/>
  <system-out/>
  <testcase classname="com.cabtm.tests.DataDrivenLoginTest" name="testLoginAndWelcomeMessage" time="7.501"/>
  <system-out/>
</testsuite> <!-- com.cabtm.tests.DataDrivenLoginTest -->
