<?xml version="1.0" encoding="UTF-8"?>
<!-- Generated by org.testng.reporters.JUnitReportReporter -->
<testsuite hostname="DESKTOP-5RK9T99" failures="0" tests="1" name="com.cabtm.tests.DashboardPageTest" time="8.562" errors="0" timestamp="2023-08-05T11:17:54 NPT" skipped="0">
  <testcase classname="com.cabtm.tests.DashboardPageTest" name="testVerifySystemDashboardSections" time="8.562"/>
  <system-out/>
</testsuite> <!-- com.cabtm.tests.DashboardPageTest -->
