<?xml version="1.0" encoding="UTF-8"?>
<!-- Generated by org.testng.reporters.JUnitReportReporter -->
<testsuite skipped="0" hostname="DESKTOP-5RK9T99" name="com.cabtm.tests.DashboardTest" tests="1" failures="0" timestamp="2023-07-29T02:42:36 NPT" time="28.153" errors="0">
  <testcase name="testLoginAndWelcomeMessage" time="28.153" classname="com.cabtm.tests.DashboardTest"/>
  <system-out/>
</testsuite> <!-- com.cabtm.tests.DashboardTest -->
