<?xml version="1.0" encoding="UTF-8"?>
<!-- Generated by org.testng.reporters.JUnitReportReporter -->
<testsuite hostname="DESKTOP-5RK9T99" failures="0" tests="1" name="com.cabtm.tests.DashboardTest" time="32.330" errors="0" timestamp="2023-07-29T15:39:02 NPT" skipped="0">
  <testcase classname="com.cabtm.tests.DashboardTest" name="testLoginAndWelcomeMessage" time="32.330"/>
  <system-out/>
</testsuite> <!-- com.cabtm.tests.DashboardTest -->
