<?xml version="1.0" encoding="UTF-8"?>
<!-- Generated by org.testng.reporters.JUnitReportReporter -->
<testsuite hostname="DESKTOP-5RK9T99" failures="0" tests="1" name="com.cabtm.tests.DashboardTest" time="19.280" errors="0" timestamp="2023-07-29T16:18:36 NPT" skipped="0">
  <testcase classname="com.cabtm.tests.DashboardTest" name="testLoginAndWelcomeMessage" time="19.280"/>
  <system-out/>
</testsuite> <!-- com.cabtm.tests.DashboardTest -->
