<?xml version="1.0" encoding="UTF-8"?>
<!-- Generated by org.testng.reporters.JUnitReportReporter -->
<testsuite hostname="DESKTOP-5RK9T99" failures="0" tests="6" name="com.cabtm.tests.DataDrivenLoginTest" time="50.269" errors="0" timestamp="2023-08-05T11:30:01 NPT" skipped="0">
  <testcase classname="com.cabtm.tests.DataDrivenLoginTest" name="testLoginAndWelcomeMessage" time="6.747"/>
  <system-out/>
  <testcase classname="com.cabtm.tests.DataDrivenLoginTest" name="testLoginAndWelcomeMessage" time="8.786"/>
  <system-out/>
  <testcase classname="com.cabtm.tests.DataDrivenLoginTest" name="testLoginAndWelcomeMessage" time="7.969"/>
  <system-out/>
  <testcase classname="com.cabtm.tests.DataDrivenLoginTest" name="testLoginAndWelcomeMessage" time="8.592"/>
  <system-out/>
  <testcase classname="com.cabtm.tests.DataDrivenLoginTest" name="testLoginAndWelcomeMessage" time="9.015"/>
  <system-out/>
  <testcase classname="com.cabtm.tests.DataDrivenLoginTest" name="testLoginAndWelcomeMessage" time="9.160"/>
  <system-out/>
</testsuite> <!-- com.cabtm.tests.DataDrivenLoginTest -->
