<?xml version="1.0" encoding="UTF-8"?>
<!-- Generated by org.testng.reporters.JUnitReportReporter -->
<testsuite hostname="DESKTOP-5RK9T99" failures="0" tests="1" name="com.cabtm.tests.LoginTest" time="3.798" errors="0" timestamp="2023-08-01T19:23:20 NPT" skipped="0">
  <testcase classname="com.cabtm.tests.LoginTest" name="testLoginAndWelcomeMessage" time="3.798"/>
  <system-out/>
</testsuite> <!-- com.cabtm.tests.LoginTest -->
