<?xml version="1.0" encoding="UTF-8"?>
<!-- Generated by org.testng.reporters.JUnitReportReporter -->
<testsuite hostname="DESKTOP-5RK9T99" failures="0" tests="1" name="com.cabtm.tests.LoginTest" time="13.828" errors="0" timestamp="2023-08-05T11:17:54 NPT" skipped="0">
  <testcase classname="com.cabtm.tests.LoginTest" name="testLoginAndWelcomeMessage" time="13.828"/>
  <system-out/>
</testsuite> <!-- com.cabtm.tests.LoginTest -->
